2025-01-02 20:56:28 INFO  TC_001_AccountRegistrationTest:17 - ***** Starting TC001_AccountRegistrationTest  ****
2025-01-02 20:56:28 INFO  TC_001_AccountRegistrationTest:22 - Clicked on MyAccount Link.. 
2025-01-02 20:56:30 INFO  TC_001_AccountRegistrationTest:24 - Clicked on Register Link.. 
2025-01-02 20:56:30 INFO  TC_001_AccountRegistrationTest:28 - Providing customer details...
2025-01-02 20:56:35 INFO  TC_001_AccountRegistrationTest:42 - Validating expected message..
2025-01-02 20:56:35 INFO  TC_001_AccountRegistrationTest:47 - Test passed
2025-01-02 20:56:35 INFO  TC_001_AccountRegistrationTest:58 - ***** Finished TC001_AccountRegistrationTest *****
2025-01-02 21:02:08 INFO  TC_001_AccountRegistrationTest:17 - ***** Starting TC001_AccountRegistrationTest  ****
2025-01-02 21:02:08 INFO  TC_001_AccountRegistrationTest:22 - Clicked on MyAccount Link.. 
2025-01-02 21:02:10 INFO  TC_001_AccountRegistrationTest:24 - Clicked on Register Link.. 
2025-01-02 21:02:10 INFO  TC_001_AccountRegistrationTest:28 - Providing customer details...
2025-01-02 21:02:14 INFO  TC_001_AccountRegistrationTest:42 - Validating expected message..
2025-01-02 21:02:14 INFO  TC_001_AccountRegistrationTest:47 - Test passed
2025-01-02 21:02:14 INFO  TC_001_AccountRegistrationTest:58 - ***** Finished TC001_AccountRegistrationTest *****
2025-01-02 21:10:10 INFO  TC_001_AccountRegistrationTest:17 - ***** Starting TC001_AccountRegistrationTest  ****
2025-01-02 21:10:11 INFO  TC_001_AccountRegistrationTest:22 - Clicked on MyAccount Link.. 
2025-01-02 21:10:11 INFO  TC_001_AccountRegistrationTest:24 - Clicked on Register Link.. 
2025-01-02 21:10:11 INFO  TC_001_AccountRegistrationTest:28 - Providing customer details...
2025-01-02 21:10:15 INFO  TC_001_AccountRegistrationTest:42 - Validating expected message..
2025-01-02 21:10:15 INFO  TC_001_AccountRegistrationTest:47 - Test passed
2025-01-02 21:10:15 INFO  TC_001_AccountRegistrationTest:58 - ***** Finished TC001_AccountRegistrationTest *****
2025-01-02 21:11:44 INFO  TC_001_AccountRegistrationTest:17 - ***** Starting TC001_AccountRegistrationTest  ****
2025-01-02 21:11:44 INFO  TC_001_AccountRegistrationTest:22 - Clicked on MyAccount Link.. 
2025-01-02 21:11:44 INFO  TC_001_AccountRegistrationTest:24 - Clicked on Register Link.. 
2025-01-02 21:11:44 INFO  TC_001_AccountRegistrationTest:28 - Providing customer details...
2025-01-02 21:11:48 INFO  TC_001_AccountRegistrationTest:42 - Validating expected message..
2025-01-02 21:11:48 INFO  TC_001_AccountRegistrationTest:58 - ***** Finished TC001_AccountRegistrationTest *****
2025-01-02 21:15:30 INFO  TC_001_AccountRegistrationTest:18 - ***** Starting TC001_AccountRegistrationTest  ****
2025-01-02 21:15:30 INFO  TC_001_AccountRegistrationTest:23 - Clicked on MyAccount Link.. 
2025-01-02 21:15:31 INFO  TC_001_AccountRegistrationTest:25 - Clicked on Register Link.. 
2025-01-02 21:15:31 INFO  TC_001_AccountRegistrationTest:29 - Providing customer details...
2025-01-02 21:15:35 INFO  TC_001_AccountRegistrationTest:43 - Validating expected message..
2025-01-02 21:15:36 INFO  TC_001_AccountRegistrationTest:50 - Test passed
2025-01-02 21:15:36 INFO  TC_001_AccountRegistrationTest:61 - ***** Finished TC001_AccountRegistrationTest *****
2025-01-02 21:48:44 INFO  TC_001_AccountRegistrationTest:18 - ***** Starting TC001_AccountRegistrationTest  ****
2025-01-02 21:48:44 INFO  TC_001_AccountRegistrationTest:23 - Clicked on MyAccount Link.. 
2025-01-02 21:48:44 INFO  TC_001_AccountRegistrationTest:23 - Clicked on MyAccount Link.. 
2025-01-02 21:48:45 INFO  TC_001_AccountRegistrationTest:25 - Clicked on Register Link.. 
2025-01-02 21:48:45 INFO  TC_001_AccountRegistrationTest:29 - Providing customer details...
2025-01-02 21:48:45 INFO  TC_001_AccountRegistrationTest:25 - Clicked on Register Link.. 
2025-01-02 21:48:45 INFO  TC_001_AccountRegistrationTest:29 - Providing customer details...
2025-01-02 21:48:49 INFO  TC_001_AccountRegistrationTest:43 - Validating expected message..
2025-01-02 21:48:49 INFO  TC_001_AccountRegistrationTest:50 - Test passed
2025-01-02 21:48:49 INFO  TC_001_AccountRegistrationTest:61 - ***** Finished TC001_AccountRegistrationTest *****
2025-01-02 21:48:49 INFO  TC_001_AccountRegistrationTest:43 - Validating expected message..
2025-01-02 21:48:50 INFO  TC_001_AccountRegistrationTest:50 - Test passed
2025-01-02 21:48:50 INFO  TC_001_AccountRegistrationTest:61 - ***** Finished TC001_AccountRegistrationTest *****
