2025-01-15 11:39:22 INFO  TC_001_AccountRegistrationTest:18 - ***** Starting TC001_AccountRegistrationTest  ****
2025-01-15 11:39:23 INFO  TC_001_AccountRegistrationTest:23 - Clicked on MyAccount Link.. 
2025-01-15 11:39:24 INFO  TC_001_AccountRegistrationTest:25 - Clicked on Register Link.. 
2025-01-15 11:39:31 INFO  TC_001_AccountRegistrationTest:43 - Validating expected message..
2025-01-15 11:39:31 INFO  TC_001_AccountRegistrationTest:50 - Test passed
2025-01-15 11:39:31 INFO  TC_001_AccountRegistrationTest:61 - ***** Finished TC001_AccountRegistrationTest *****
2025-01-15 11:39:36 INFO  TC_002_LoginTest:16 - **** Starting TC_002_LoginTest  ****
2025-01-15 11:39:36 INFO  TC_002_LoginTest:22 - clicked on myaccount link on the home page..
2025-01-15 11:39:37 INFO  TC_002_LoginTest:24 - clicked on login link under myaccount..
2025-01-15 11:39:37 INFO  TC_002_LoginTest:28 - Entering valid email and password..
2025-01-15 11:39:39 INFO  TC_002_LoginTest:32 - clicked on ligin button..
2025-01-15 11:39:39 INFO  TC_002_LoginTest:46 - **** Finished TC_002_LoginTest  ****
2025-01-15 11:58:06 INFO  TC_001_AccountRegistrationTest:18 - ***** Starting TC001_AccountRegistrationTest  ****
2025-01-15 11:58:07 INFO  TC_001_AccountRegistrationTest:23 - Clicked on MyAccount Link.. 
2025-01-15 11:58:08 INFO  TC_001_AccountRegistrationTest:25 - Clicked on Register Link.. 
2025-01-15 11:58:09 INFO  TC_001_AccountRegistrationTest:43 - Validating expected message..
2025-01-15 11:58:10 INFO  TC_001_AccountRegistrationTest:50 - Test passed
2025-01-15 11:58:10 INFO  TC_001_AccountRegistrationTest:61 - ***** Finished TC001_AccountRegistrationTest *****
2025-01-15 11:58:14 INFO  TC_002_LoginTest:16 - **** Starting TC_002_LoginTest  ****
2025-01-15 11:58:14 INFO  TC_002_LoginTest:22 - clicked on myaccount link on the home page..
2025-01-15 11:58:15 INFO  TC_002_LoginTest:24 - clicked on login link under myaccount..
2025-01-15 11:58:15 INFO  TC_002_LoginTest:28 - Entering valid email and password..
2025-01-15 11:58:16 INFO  TC_002_LoginTest:32 - clicked on ligin button..
2025-01-15 11:58:16 INFO  TC_002_LoginTest:46 - **** Finished TC_002_LoginTest  ****
