2025-01-08 18:26:23 INFO  TC_002_LoginTest:16 - **** Starting TC_002_LoginTest  ****
2025-01-08 18:26:48 INFO  TC_002_LoginTest:16 - **** Starting TC_002_LoginTest  ****
2025-01-08 18:26:48 INFO  TC_002_LoginTest:22 - clicked on myaccount link on the home page..
2025-01-08 18:32:31 INFO  TC_002_LoginTest:16 - **** Starting TC_002_LoginTest  ****
2025-01-08 18:32:32 INFO  TC_002_LoginTest:22 - clicked on myaccount link on the home page..
2025-01-08 18:32:33 INFO  TC_002_LoginTest:24 - clicked on login link under myaccount..
2025-01-08 18:32:33 INFO  TC_002_LoginTest:28 - Entering valid email and password..
2025-01-08 18:32:34 INFO  TC_002_LoginTest:32 - clicked on ligin button..
2025-01-08 18:39:12 INFO  TC_002_LoginTest:16 - **** Starting TC_002_LoginTest  ****
2025-01-08 18:39:12 INFO  TC_002_LoginTest:22 - clicked on myaccount link on the home page..
2025-01-08 18:39:13 INFO  TC_002_LoginTest:24 - clicked on login link under myaccount..
2025-01-08 18:39:13 INFO  TC_002_LoginTest:28 - Entering valid email and password..
2025-01-08 18:39:14 INFO  TC_002_LoginTest:32 - clicked on ligin button..
2025-01-08 18:39:15 INFO  TC_002_LoginTest:46 - **** Finished TC_002_LoginTest  ****
2025-01-08 20:05:35 INFO  Utils:112 - [TestNG] Running:
  E:\Automation July\Unicode\opencart\master.xml

2025-01-08 20:05:43 INFO  TC_003_LoginDDT:26 - **** Starting TC_003_LoginDDT *****
2025-01-08 20:05:47 INFO  TC_003_LoginDDT:76 - **** Finished TC_003_LoginDDT *****
2025-01-08 20:05:47 INFO  TC_003_LoginDDT:26 - **** Starting TC_003_LoginDDT *****
2025-01-08 20:05:50 INFO  TC_003_LoginDDT:76 - **** Finished TC_003_LoginDDT *****
2025-01-08 20:05:50 INFO  TC_003_LoginDDT:26 - **** Starting TC_003_LoginDDT *****
2025-01-08 20:05:52 INFO  TC_003_LoginDDT:76 - **** Finished TC_003_LoginDDT *****
2025-01-08 20:05:52 INFO  TC_003_LoginDDT:26 - **** Starting TC_003_LoginDDT *****
2025-01-08 20:06:04 INFO  TC_003_LoginDDT:76 - **** Finished TC_003_LoginDDT *****
2025-01-08 20:06:04 INFO  TC_003_LoginDDT:26 - **** Starting TC_003_LoginDDT *****
2025-01-08 20:06:07 INFO  TC_003_LoginDDT:76 - **** Finished TC_003_LoginDDT *****
