2025-01-14 12:41:29 INFO  Utils:112 - [TestNG] Running:
  E:\Automation July\Unicode\opencart\grid-docker.xml

2025-01-14 12:41:37 INFO  TC_001_AccountRegistrationTest:18 - ***** Starting TC001_AccountRegistrationTest  ****
2025-01-14 12:41:37 INFO  TC_001_AccountRegistrationTest:23 - Clicked on MyAccount Link.. 
2025-01-14 12:41:39 INFO  TC_001_AccountRegistrationTest:25 - Clicked on Register Link.. 
2025-01-14 12:41:42 INFO  TC_001_AccountRegistrationTest:43 - Validating expected message..
2025-01-14 12:41:42 INFO  TC_001_AccountRegistrationTest:50 - Test passed
2025-01-14 12:41:42 INFO  TC_001_AccountRegistrationTest:61 - ***** Finished TC001_AccountRegistrationTest *****
2025-01-14 12:41:46 INFO  TC_002_LoginTest:16 - **** Starting TC_002_LoginTest  ****
2025-01-14 12:41:47 INFO  TC_002_LoginTest:22 - clicked on myaccount link on the home page..
2025-01-14 12:41:48 INFO  TC_002_LoginTest:24 - clicked on login link under myaccount..
2025-01-14 12:41:48 INFO  TC_002_LoginTest:28 - Entering valid email and password..
2025-01-14 12:41:49 INFO  TC_002_LoginTest:32 - clicked on ligin button..
2025-01-14 12:43:00 INFO  TC_001_AccountRegistrationTest:18 - ***** Starting TC001_AccountRegistrationTest  ****
2025-01-14 12:43:00 INFO  TC_001_AccountRegistrationTest:23 - Clicked on MyAccount Link.. 
2025-01-14 12:43:01 INFO  TC_001_AccountRegistrationTest:25 - Clicked on Register Link.. 
2025-01-14 12:43:02 INFO  TC_001_AccountRegistrationTest:43 - Validating expected message..
2025-01-14 12:43:02 INFO  TC_001_AccountRegistrationTest:50 - Test passed
2025-01-14 12:43:02 INFO  TC_001_AccountRegistrationTest:61 - ***** Finished TC001_AccountRegistrationTest *****
2025-01-14 12:43:14 INFO  TC_002_LoginTest:16 - **** Starting TC_002_LoginTest  ****
2025-01-14 12:43:14 INFO  TC_002_LoginTest:22 - clicked on myaccount link on the home page..
2025-01-14 12:43:15 INFO  TC_002_LoginTest:24 - clicked on login link under myaccount..
2025-01-14 12:43:15 INFO  TC_002_LoginTest:28 - Entering valid email and password..
2025-01-14 12:43:16 INFO  TC_002_LoginTest:32 - clicked on ligin button..
2025-01-14 12:44:41 INFO  Utils:112 - [TestNG] Running:
  E:\Automation July\Unicode\opencart\grid-docker.xml

2025-01-14 12:44:45 INFO  TC_001_AccountRegistrationTest:18 - ***** Starting TC001_AccountRegistrationTest  ****
2025-01-14 12:44:46 INFO  TC_001_AccountRegistrationTest:23 - Clicked on MyAccount Link.. 
2025-01-14 12:44:47 INFO  TC_001_AccountRegistrationTest:25 - Clicked on Register Link.. 
2025-01-14 12:44:49 INFO  TC_001_AccountRegistrationTest:43 - Validating expected message..
2025-01-14 12:44:49 INFO  TC_001_AccountRegistrationTest:50 - Test passed
2025-01-14 12:44:49 INFO  TC_001_AccountRegistrationTest:61 - ***** Finished TC001_AccountRegistrationTest *****
2025-01-14 12:44:53 INFO  TC_002_LoginTest:16 - **** Starting TC_002_LoginTest  ****
2025-01-14 12:44:54 INFO  TC_002_LoginTest:22 - clicked on myaccount link on the home page..
2025-01-14 12:44:54 INFO  TC_002_LoginTest:24 - clicked on login link under myaccount..
2025-01-14 12:44:54 INFO  TC_002_LoginTest:28 - Entering valid email and password..
2025-01-14 12:44:55 INFO  TC_002_LoginTest:32 - clicked on ligin button..
2025-01-14 12:45:15 INFO  TC_001_AccountRegistrationTest:18 - ***** Starting TC001_AccountRegistrationTest  ****
2025-01-14 12:45:15 INFO  TC_001_AccountRegistrationTest:23 - Clicked on MyAccount Link.. 
2025-01-14 12:45:16 INFO  TC_001_AccountRegistrationTest:25 - Clicked on Register Link.. 
2025-01-14 12:45:17 INFO  TC_001_AccountRegistrationTest:43 - Validating expected message..
2025-01-14 12:45:17 INFO  TC_001_AccountRegistrationTest:50 - Test passed
2025-01-14 12:45:17 INFO  TC_001_AccountRegistrationTest:61 - ***** Finished TC001_AccountRegistrationTest *****
2025-01-14 12:45:26 INFO  TC_002_LoginTest:16 - **** Starting TC_002_LoginTest  ****
2025-01-14 12:45:26 INFO  TC_002_LoginTest:22 - clicked on myaccount link on the home page..
2025-01-14 12:45:27 INFO  TC_002_LoginTest:24 - clicked on login link under myaccount..
2025-01-14 12:45:27 INFO  TC_002_LoginTest:28 - Entering valid email and password..
2025-01-14 12:45:27 INFO  TC_002_LoginTest:32 - clicked on ligin button..
2025-01-14 13:49:14 INFO  TC_001_AccountRegistrationTest:18 - ***** Starting TC001_AccountRegistrationTest  ****
2025-01-14 13:49:14 INFO  TC_001_AccountRegistrationTest:23 - Clicked on MyAccount Link.. 
2025-01-14 13:49:16 INFO  TC_001_AccountRegistrationTest:25 - Clicked on Register Link.. 
2025-01-14 13:49:18 INFO  TC_001_AccountRegistrationTest:43 - Validating expected message..
2025-01-14 13:49:18 INFO  TC_001_AccountRegistrationTest:50 - Test passed
2025-01-14 13:49:18 INFO  TC_001_AccountRegistrationTest:61 - ***** Finished TC001_AccountRegistrationTest *****
2025-01-14 13:49:22 INFO  TC_002_LoginTest:16 - **** Starting TC_002_LoginTest  ****
2025-01-14 13:49:23 INFO  TC_002_LoginTest:22 - clicked on myaccount link on the home page..
2025-01-14 13:49:23 INFO  TC_002_LoginTest:24 - clicked on login link under myaccount..
2025-01-14 13:49:23 INFO  TC_002_LoginTest:28 - Entering valid email and password..
2025-01-14 13:49:24 INFO  TC_002_LoginTest:32 - clicked on ligin button..
2025-01-14 13:51:32 INFO  TC_001_AccountRegistrationTest:18 - ***** Starting TC001_AccountRegistrationTest  ****
2025-01-14 13:51:33 INFO  TC_001_AccountRegistrationTest:23 - Clicked on MyAccount Link.. 
2025-01-14 13:51:34 INFO  TC_001_AccountRegistrationTest:25 - Clicked on Register Link.. 
2025-01-14 13:51:35 INFO  TC_001_AccountRegistrationTest:43 - Validating expected message..
2025-01-14 13:51:35 INFO  TC_001_AccountRegistrationTest:50 - Test passed
2025-01-14 13:51:35 INFO  TC_001_AccountRegistrationTest:61 - ***** Finished TC001_AccountRegistrationTest *****
2025-01-14 13:51:40 INFO  TC_002_LoginTest:16 - **** Starting TC_002_LoginTest  ****
2025-01-14 13:51:40 INFO  TC_002_LoginTest:22 - clicked on myaccount link on the home page..
2025-01-14 13:51:40 INFO  TC_002_LoginTest:24 - clicked on login link under myaccount..
2025-01-14 13:51:40 INFO  TC_002_LoginTest:28 - Entering valid email and password..
2025-01-14 13:51:41 INFO  TC_002_LoginTest:32 - clicked on ligin button..
2025-01-14 21:10:55 INFO  TC_001_AccountRegistrationTest:18 - ***** Starting TC001_AccountRegistrationTest  ****
2025-01-14 21:10:55 INFO  TC_001_AccountRegistrationTest:23 - Clicked on MyAccount Link.. 
2025-01-14 21:10:57 INFO  TC_001_AccountRegistrationTest:25 - Clicked on Register Link.. 
2025-01-14 21:10:59 INFO  TC_001_AccountRegistrationTest:43 - Validating expected message..
2025-01-14 21:10:59 INFO  TC_001_AccountRegistrationTest:50 - Test passed
2025-01-14 21:10:59 INFO  TC_001_AccountRegistrationTest:61 - ***** Finished TC001_AccountRegistrationTest *****
2025-01-14 21:11:04 INFO  TC_002_LoginTest:16 - **** Starting TC_002_LoginTest  ****
2025-01-14 21:11:04 INFO  TC_002_LoginTest:22 - clicked on myaccount link on the home page..
2025-01-14 21:11:05 INFO  TC_002_LoginTest:24 - clicked on login link under myaccount..
2025-01-14 21:11:05 INFO  TC_002_LoginTest:28 - Entering valid email and password..
2025-01-14 21:11:06 INFO  TC_002_LoginTest:32 - clicked on ligin button..
2025-01-14 21:18:01 INFO  TC_001_AccountRegistrationTest:18 - ***** Starting TC001_AccountRegistrationTest  ****
2025-01-14 21:18:02 INFO  TC_001_AccountRegistrationTest:23 - Clicked on MyAccount Link.. 
2025-01-14 21:18:03 INFO  TC_001_AccountRegistrationTest:25 - Clicked on Register Link.. 
2025-01-14 21:18:05 INFO  TC_001_AccountRegistrationTest:43 - Validating expected message..
2025-01-14 21:18:05 INFO  TC_001_AccountRegistrationTest:50 - Test passed
2025-01-14 21:18:05 INFO  TC_001_AccountRegistrationTest:61 - ***** Finished TC001_AccountRegistrationTest *****
2025-01-14 21:18:09 INFO  TC_002_LoginTest:16 - **** Starting TC_002_LoginTest  ****
2025-01-14 21:18:09 INFO  TC_002_LoginTest:22 - clicked on myaccount link on the home page..
2025-01-14 21:18:10 INFO  TC_002_LoginTest:24 - clicked on login link under myaccount..
2025-01-14 21:18:10 INFO  TC_002_LoginTest:28 - Entering valid email and password..
2025-01-14 21:18:11 INFO  TC_002_LoginTest:32 - clicked on ligin button..
2025-01-14 21:18:11 INFO  TC_002_LoginTest:46 - **** Finished TC_002_LoginTest  ****
